Copyright 1986-2022 Xilinx, Inc. All Rights Reserved.
------------------------------------------------------------------------------------
| Tool Version : Vivado v.2022.2 (lin64) Build 3671981 Fri Oct 14 04:59:54 MDT 2022
| Date         : Fri Dec 27 15:58:27 2024
| Host         : ubuntu2004 running 64-bit Ubuntu 20.04.5 LTS
| Command      : upgrade_ip
| Device       : xc7z020clg484-1
------------------------------------------------------------------------------------

Upgrade Log for IP 'design_1_LTC2324_sample_0_0'

1. Summary
----------

SUCCESS in the conversion of design_1_LTC2324_sample_0_0 (xilinx.com:liushuai:LTC2324_sample:1.0 (Rev. 6)) to Vivado generation flows.






Copyright 1986-2022 Xilinx, Inc. All Rights Reserved.
------------------------------------------------------------------------------------
| Tool Version : Vivado v.2022.2 (lin64) Build 3671981 Fri Oct 14 04:59:54 MDT 2022
| Date         : Fri Dec 27 15:00:47 2024
| Host         : ubuntu2004 running 64-bit Ubuntu 20.04.5 LTS
| Command      : upgrade_ip
| Device       : xc7z020clg484-1
------------------------------------------------------------------------------------

Upgrade Log for IP 'design_1_LTC2324_sample_0_0'

1. Summary
----------

SUCCESS in the conversion of design_1_LTC2324_sample_0_0 (xilinx.com:liushuai:LTC2324_sample:1.0 (Rev. 6)) to Vivado generation flows.






Copyright 1986-2022 Xilinx, Inc. All Rights Reserved.
------------------------------------------------------------------------------------
| Tool Version : Vivado v.2022.2 (lin64) Build 3671981 Fri Oct 14 04:59:54 MDT 2022
| Date         : Fri Dec 27 14:55:14 2024
| Host         : ubuntu2004 running 64-bit Ubuntu 20.04.5 LTS
| Command      : upgrade_ip
| Device       : xc7z020clg484-1
------------------------------------------------------------------------------------

Upgrade Log for IP 'design_1_LTC2324_sample_0_0'

1. Summary
----------

SUCCESS in the conversion of design_1_LTC2324_sample_0_0 (xilinx.com:liushuai:LTC2324_sample:1.0 (Rev. 6)) to Vivado generation flows.






Copyright 1986-2022 Xilinx, Inc. All Rights Reserved.
------------------------------------------------------------------------------------
| Tool Version : Vivado v.2022.2 (lin64) Build 3671981 Fri Oct 14 04:59:54 MDT 2022
| Date         : Fri Dec 27 14:42:31 2024
| Host         : ubuntu2004 running 64-bit Ubuntu 20.04.5 LTS
| Command      : upgrade_ip
| Device       : xc7z020clg484-1
------------------------------------------------------------------------------------

Upgrade Log for IP 'design_1_LTC2324_sample_0_0'

1. Summary
----------

SUCCESS in the conversion of design_1_LTC2324_sample_0_0 (xilinx.com:liushuai:LTC2324_sample:1.0 (Rev. 6)) to Vivado generation flows.






Copyright 1986-2022 Xilinx, Inc. All Rights Reserved.
------------------------------------------------------------------------------------
| Tool Version : Vivado v.2022.2 (lin64) Build 3671981 Fri Oct 14 04:59:54 MDT 2022
| Date         : Fri Dec 27 14:38:25 2024
| Host         : ubuntu2004 running 64-bit Ubuntu 20.04.5 LTS
| Command      : upgrade_ip
| Device       : xc7z020clg484-1
------------------------------------------------------------------------------------

Upgrade Log for IP 'design_1_LTC2324_sample_0_0'

1. Summary
----------

SUCCESS in the conversion of design_1_LTC2324_sample_0_0 (xilinx.com:liushuai:LTC2324_sample:1.0 (Rev. 6)) to Vivado generation flows.






Copyright 1986-2022 Xilinx, Inc. All Rights Reserved.
------------------------------------------------------------------------------------
| Tool Version : Vivado v.2022.2 (lin64) Build 3671981 Fri Oct 14 04:59:54 MDT 2022
| Date         : Fri Dec 27 11:32:41 2024
| Host         : ubuntu2004 running 64-bit Ubuntu 20.04.5 LTS
| Command      : upgrade_ip
| Device       : xc7z020clg484-1
------------------------------------------------------------------------------------

Upgrade Log for IP 'design_1_LTC2324_sample_0_0'

1. Summary
----------

SUCCESS in the conversion of design_1_LTC2324_sample_0_0 (xilinx.com:liushuai:LTC2324_sample:1.0 (Rev. 6)) to Vivado generation flows.






Copyright 1986-2022 Xilinx, Inc. All Rights Reserved.
------------------------------------------------------------------------------------
| Tool Version : Vivado v.2022.2 (lin64) Build 3671981 Fri Oct 14 04:59:54 MDT 2022
| Date         : Fri Dec 27 11:24:01 2024
| Host         : ubuntu2004 running 64-bit Ubuntu 20.04.5 LTS
| Command      : upgrade_ip
| Device       : xc7z020clg484-1
------------------------------------------------------------------------------------

Upgrade Log for IP 'design_1_LTC2324_sample_0_0'

1. Summary
----------

SUCCESS in the conversion of design_1_LTC2324_sample_0_0 (xilinx.com:liushuai:LTC2324_sample:1.0 (Rev. 6)) to Vivado generation flows.

